<?xml version="1.0" encoding="UTF-8"?>
<!-- Generated by org.testng.reporters.JUnitReportReporter -->
<testsuite hostname="Bhagyeshs-MacBook-Pro.local" failures="0" tests="1" name="percytest.SampleTest" time="6.357" errors="0" timestamp="2021-06-22T20:48:32 IST" skipped="0">
  <testcase classname="percytest.SampleTest" name="test" time="6.357"/>
  <system-out/>
</testsuite> <!-- percytest.SampleTest -->
