<?xml version="1.0" encoding="UTF-8"?>
<!-- Generated by org.testng.reporters.JUnitReportReporter -->
<testsuite skipped="0" hostname="Bhagyeshs-MacBook-Pro.local" name="percytest.SampleTest" tests="1" failures="0" timestamp="2021-06-23T17:34:03 IST" time="8.922" errors="0">
  <testcase name="test" time="8.922" classname="percytest.SampleTest"/>
  <system-out/>
</testsuite> <!-- percytest.SampleTest -->
