<?xml version="1.0" encoding="UTF-8"?>
<!-- Generated by org.testng.reporters.JUnitReportReporter -->
<testsuite skipped="0" hostname="Bhagyeshs-MacBook-Pro.local" name="percytest.SampleTest" tests="1" failures="0" timestamp="2021-06-22T20:54:54 IST" time="8.069" errors="0">
  <testcase name="test" time="8.069" classname="percytest.SampleTest"/>
  <system-out/>
</testsuite> <!-- percytest.SampleTest -->
